d:\yeonjae lee\c\basic\chapter06\debug\vc141.pdb
d:\yeonjae lee\c\basic\chapter06\debug\vc141.idb
d:\yeonjae lee\c\basic\chapter06\debug\01_stringprintf.obj
d:\yeonjae lee\c\basic\chapter06\debug\02_formprintf.obj
d:\yeonjae lee\c\basic\chapter06\debug\03_octhex.obj
d:\yeonjae lee\c\basic\chapter06\debug\04_realnumoutput.obj
d:\yeonjae lee\c\basic\chapter06\debug\05_usingg.obj
d:\yeonjae lee\c\basic\chapter06\debug\06_usings.obj
d:\yeonjae lee\c\basic\chapter06\debug\07_fieldwidth.obj
d:\yeonjae lee\c\basic\chapter06\debug\08_scanfconvone.obj
d:\yeonjae lee\c\basic\chapter06\debug\09_scanfconvtwo.obj
d:\yeonjae lee\c\basic\debug\chapter06.pdb
d:\yeonjae lee\c\basic\chapter06\debug\chapter06.tlog\cl.command.1.tlog
d:\yeonjae lee\c\basic\chapter06\debug\chapter06.tlog\cl.read.1.tlog
d:\yeonjae lee\c\basic\chapter06\debug\chapter06.tlog\cl.write.1.tlog
d:\yeonjae lee\c\basic\chapter06\debug\chapter06.tlog\link-cvtres.read.1.tlog
d:\yeonjae lee\c\basic\chapter06\debug\chapter06.tlog\link-cvtres.write.1.tlog
d:\yeonjae lee\c\basic\chapter06\debug\chapter06.tlog\link-rc.read.1.tlog
d:\yeonjae lee\c\basic\chapter06\debug\chapter06.tlog\link-rc.write.1.tlog
d:\yeonjae lee\c\basic\chapter06\debug\chapter06.tlog\link.command.1.tlog
d:\yeonjae lee\c\basic\chapter06\debug\chapter06.tlog\link.read.1.tlog
d:\yeonjae lee\c\basic\chapter06\debug\chapter06.tlog\link.write.1.tlog
