d:\yeonjae lee\c\basic\chapter09\debug\vc141.pdb
d:\yeonjae lee\c\basic\chapter09\debug\vc141.idb
d:\yeonjae lee\c\basic\chapter09\debug\01_printfoutput.obj
d:\yeonjae lee\c\basic\chapter09\debug\02_simpleaddfunc.obj
d:\yeonjae lee\c\basic\chapter09\debug\03_smartaddfunc.obj
d:\yeonjae lee\c\basic\chapter09\debug\04_numcompare.obj
d:\yeonjae lee\c\basic\chapter09\debug\05_absocompare.obj
d:\yeonjae lee\c\basic\chapter09\debug\06_localvariable.obj
d:\yeonjae lee\c\basic\chapter09\debug\07_anotherlocalval.obj
d:\yeonjae lee\c\basic\chapter09\debug\08_localvalhideval.obj
d:\yeonjae lee\c\basic\chapter09\debug\09_globalvariable.obj
d:\yeonjae lee\c\basic\chapter09\debug\10_localvalhideglobalv.obj
d:\yeonjae lee\c\basic\chapter09\debug\11_.obj
d:\yeonjae lee\c\basic\chapter09\debug\11_staticlocalvariable.obj
d:\yeonjae lee\c\basic\chapter09\debug\12_recursivefunc.obj
d:\yeonjae lee\c\basic\chapter09\debug\13_recursivefactorial.obj
d:\yeonjae lee\c\basic\chapter09\debug\14_quiz.obj
d:\yeonjae lee\c\basic\debug\chapter09.ilk
d:\yeonjae lee\c\basic\debug\chapter09.exe
d:\yeonjae lee\c\basic\debug\chapter09.pdb
d:\yeonjae lee\c\basic\chapter09\debug\chapter09.tlog\cl.command.1.tlog
d:\yeonjae lee\c\basic\chapter09\debug\chapter09.tlog\cl.read.1.tlog
d:\yeonjae lee\c\basic\chapter09\debug\chapter09.tlog\cl.write.1.tlog
d:\yeonjae lee\c\basic\chapter09\debug\chapter09.tlog\link.command.1.tlog
d:\yeonjae lee\c\basic\chapter09\debug\chapter09.tlog\link.read.1.tlog
d:\yeonjae lee\c\basic\chapter09\debug\chapter09.tlog\link.write.1.tlog
