d:\yeonjae lee\c\basic\chapter23\debug\vc141.pdb
d:\yeonjae lee\c\basic\chapter23\debug\vc141.idb
d:\yeonjae lee\c\basic\chapter23\debug\01_typenametypedef.obj
d:\yeonjae lee\c\basic\chapter23\debug\02_structtypedef.obj
d:\yeonjae lee\c\basic\chapter23\debug\03_structvalandfunction.obj
d:\yeonjae lee\c\basic\chapter23\debug\04_structmemarrcopy.obj
d:\yeonjae lee\c\basic\chapter23\debug\05_structfunctioncallby.obj
d:\yeonjae lee\c\basic\chapter23\debug\06_structoperation.obj
d:\yeonjae lee\c\basic\chapter23\debug\07_structaddmin.obj
d:\yeonjae lee\c\basic\chapter23\debug\08_structimportant.obj
d:\yeonjae lee\c\basic\chapter23\debug\09_circleincludepoint.obj
d:\yeonjae lee\c\basic\chapter23\debug\10_unionmemalloc.obj
d:\yeonjae lee\c\basic\chapter23\debug\11_unionvalaccess.obj
d:\yeonjae lee\c\basic\chapter23\debug\12_usefulunionaccess.obj
d:\yeonjae lee\c\basic\chapter23\debug\13_enumtypetone.obj
d:\yeonjae lee\c\basic\chapter23\debug\01_.obj
d:\yeonjae lee\c\basic\debug\chapter23.pdb
d:\yeonjae lee\c\basic\chapter23\debug\chapter23.tlog\cl.command.1.tlog
d:\yeonjae lee\c\basic\chapter23\debug\chapter23.tlog\cl.read.1.tlog
d:\yeonjae lee\c\basic\chapter23\debug\chapter23.tlog\cl.write.1.tlog
d:\yeonjae lee\c\basic\chapter23\debug\chapter23.tlog\link.6608-cvtres.read.1.tlog
d:\yeonjae lee\c\basic\chapter23\debug\chapter23.tlog\link.6608-cvtres.write.1.tlog
d:\yeonjae lee\c\basic\chapter23\debug\chapter23.tlog\link.6608-rc.read.1.tlog
d:\yeonjae lee\c\basic\chapter23\debug\chapter23.tlog\link.6608-rc.write.1.tlog
d:\yeonjae lee\c\basic\chapter23\debug\chapter23.tlog\link.6608.read.1.tlog
d:\yeonjae lee\c\basic\chapter23\debug\chapter23.tlog\link.6608.write.1.tlog
d:\yeonjae lee\c\basic\chapter23\debug\chapter23.tlog\link.command.1.tlog
d:\yeonjae lee\c\basic\chapter23\debug\chapter23.tlog\link.read.1.tlog
d:\yeonjae lee\c\basic\chapter23\debug\chapter23.tlog\link.write.1.tlog
