d:\yeonjae lee\c\basic\chapter26\debug\vc141.pdb
d:\yeonjae lee\c\basic\chapter26\debug\vc141.idb
d:\yeonjae lee\c\basic\chapter26\debug\01_.obj
d:\yeonjae lee\c\basic\chapter26\debug\02_.obj
d:\yeonjae lee\c\basic\chapter26\debug\01_macroconst.obj
d:\yeonjae lee\c\basic\chapter26\debug\02_macro.obj
d:\yeonjae lee\c\basic\chapter26\debug\03_.obj
d:\yeonjae lee\c\basic\chapter26\debug\02_macrofunction.obj
d:\yeonjae lee\c\basic\chapter26\debug\03_macrousemacro.obj
d:\yeonjae lee\c\basic\chapter26\debug\04_macrofunctionweak.obj
d:\yeonjae lee\c\basic\chapter26\debug\05_if_endif.obj
d:\yeonjae lee\c\basic\chapter26\debug\06_ifdef_endif.obj
d:\yeonjae lee\c\basic\chapter26\debug\07_else_endif.obj
d:\yeonjae lee\c\basic\chapter26\debug\08_elif_endif.obj
d:\yeonjae lee\c\basic\chapter26\debug\09_macrooptostring.obj
d:\yeonjae lee\c\basic\chapter26\debug\10_univstdnum.obj
d:\yeonjae lee\c\basic\debug\chapter26.ilk
d:\yeonjae lee\c\basic\debug\chapter26.exe
d:\yeonjae lee\c\basic\debug\chapter26.pdb
d:\yeonjae lee\c\basic\chapter26\debug\chapter26.tlog\cl.command.1.tlog
d:\yeonjae lee\c\basic\chapter26\debug\chapter26.tlog\cl.read.1.tlog
d:\yeonjae lee\c\basic\chapter26\debug\chapter26.tlog\cl.write.1.tlog
d:\yeonjae lee\c\basic\chapter26\debug\chapter26.tlog\link.command.1.tlog
d:\yeonjae lee\c\basic\chapter26\debug\chapter26.tlog\link.read.1.tlog
d:\yeonjae lee\c\basic\chapter26\debug\chapter26.tlog\link.write.1.tlog
