d:\yeonjae lee\c\basic\chapter03\debug\vc141.pdb
d:\yeonjae lee\c\basic\chapter03\debug\vc141.idb
d:\yeonjae lee\c\basic\chapter03\debug\02_vardeclandinit.obj
d:\yeonjae lee\c\basic\chapter03\debug\01_simpleaddone.obj
d:\yeonjae lee\c\basic\chapter03\debug\03_simpleaddtwo.obj
d:\yeonjae lee\c\basic\chapter03\debug\04_operatorone.obj
d:\yeonjae lee\c\basic\chapter03\debug\05_operatortwo.obj
d:\yeonjae lee\c\basic\chapter03\debug\06_operatorthree.obj
d:\yeonjae lee\c\basic\chapter03\debug\07_operatorfour.obj
d:\yeonjae lee\c\basic\chapter03\debug\08_operatorfive.obj
d:\yeonjae lee\c\basic\chapter03\debug\09_operatorsix.obj
d:\yeonjae lee\c\basic\chapter03\debug\10_operatorseven.obj
d:\yeonjae lee\c\basic\chapter03\debug\11_commaop.obj
d:\yeonjae lee\c\basic\chapter03\debug\12_simpleaddthree.obj
d:\yeonjae lee\c\basic\chapter03\debug\13_simpleaddfour.obj
d:\yeonjae lee\c\basic\chapter03\debug\14_quiz.obj
d:\yeonjae lee\c\basic\debug\chapter03.ilk
d:\yeonjae lee\c\basic\debug\chapter03.exe
d:\yeonjae lee\c\basic\debug\chapter03.pdb
d:\yeonjae lee\c\basic\chapter03\debug\chapter03.tlog\cl.command.1.tlog
d:\yeonjae lee\c\basic\chapter03\debug\chapter03.tlog\cl.read.1.tlog
d:\yeonjae lee\c\basic\chapter03\debug\chapter03.tlog\cl.write.1.tlog
d:\yeonjae lee\c\basic\chapter03\debug\chapter03.tlog\link.command.1.tlog
d:\yeonjae lee\c\basic\chapter03\debug\chapter03.tlog\link.read.1.tlog
d:\yeonjae lee\c\basic\chapter03\debug\chapter03.tlog\link.write.1.tlog
