d:\yeonjae lee\c\basic\chapter16\debug\vc141.pdb
d:\yeonjae lee\c\basic\chapter16\debug\vc141.idb
d:\yeonjae lee\c\basic\chapter16\debug\01_twodimarraysize.obj
d:\yeonjae lee\c\basic\chapter16\debug\02_popuresarch.obj
d:\yeonjae lee\c\basic\chapter16\debug\03_twodimarrayaddr.obj
d:\yeonjae lee\c\basic\chapter16\debug\04_twodimarrayinit.obj
d:\yeonjae lee\c\basic\chapter16\debug\06_threedimarrayaccess.obj
d:\yeonjae lee\c\basic\chapter16\debug\05_threedimarraysize.obj
d:\yeonjae lee\c\basic\chapter16\debug\07_quiz.obj
d:\yeonjae lee\c\basic\debug\chapter16.pdb
d:\yeonjae lee\c\basic\chapter16\debug\chapter16.tlog\cl.command.1.tlog
d:\yeonjae lee\c\basic\chapter16\debug\chapter16.tlog\cl.read.1.tlog
d:\yeonjae lee\c\basic\chapter16\debug\chapter16.tlog\cl.write.1.tlog
d:\yeonjae lee\c\basic\chapter16\debug\chapter16.tlog\link.3236-cvtres.read.1.tlog
d:\yeonjae lee\c\basic\chapter16\debug\chapter16.tlog\link.3236-cvtres.write.1.tlog
d:\yeonjae lee\c\basic\chapter16\debug\chapter16.tlog\link.3236-rc.read.1.tlog
d:\yeonjae lee\c\basic\chapter16\debug\chapter16.tlog\link.3236-rc.write.1.tlog
d:\yeonjae lee\c\basic\chapter16\debug\chapter16.tlog\link.3236.read.1.tlog
d:\yeonjae lee\c\basic\chapter16\debug\chapter16.tlog\link.3236.write.1.tlog
d:\yeonjae lee\c\basic\chapter16\debug\chapter16.tlog\link.command.1.tlog
d:\yeonjae lee\c\basic\chapter16\debug\chapter16.tlog\link.read.1.tlog
d:\yeonjae lee\c\basic\chapter16\debug\chapter16.tlog\link.write.1.tlog
