d:\yeonjae lee\c\basic\buffer\debug\vc141.pdb
d:\yeonjae lee\c\basic\buffer\debug\vc141.idb
d:\yeonjae lee\c\basic\buffer\debug\04_stringconcatcase.obj
d:\yeonjae lee\c\basic\buffer\debug\01_bufferflush.obj
d:\yeonjae lee\c\basic\buffer\debug\02_removebsn.obj
d:\yeonjae lee\c\basic\buffer\debug\03_stringcopycase.obj
d:\yeonjae lee\c\basic\buffer\debug\05_stringcornpcase.obj
d:\yeonjae lee\c\basic\buffer\debug\06_stringatoilf.obj
d:\yeonjae lee\c\basic\buffer\debug\07_tostring.obj
d:\yeonjae lee\c\basic\debug\0_buffer_ch21.pdb
d:\yeonjae lee\c\basic\buffer\debug\0_buffer_ch21.tlog\cl.command.1.tlog
d:\yeonjae lee\c\basic\buffer\debug\0_buffer_ch21.tlog\cl.read.1.tlog
d:\yeonjae lee\c\basic\buffer\debug\0_buffer_ch21.tlog\cl.write.1.tlog
d:\yeonjae lee\c\basic\buffer\debug\0_buffer_ch21.tlog\link-cvtres.read.1.tlog
d:\yeonjae lee\c\basic\buffer\debug\0_buffer_ch21.tlog\link-cvtres.write.1.tlog
d:\yeonjae lee\c\basic\buffer\debug\0_buffer_ch21.tlog\link-rc.read.1.tlog
d:\yeonjae lee\c\basic\buffer\debug\0_buffer_ch21.tlog\link-rc.write.1.tlog
d:\yeonjae lee\c\basic\buffer\debug\0_buffer_ch21.tlog\link.command.1.tlog
d:\yeonjae lee\c\basic\buffer\debug\0_buffer_ch21.tlog\link.read.1.tlog
d:\yeonjae lee\c\basic\buffer\debug\0_buffer_ch21.tlog\link.write.1.tlog
