  04_test3.c
d:\yeonjae lee\c\hw\horseracing\04_test3.c(26): warning C4047: '=': 'char'의 간접 참조 수준이 'char [2]'과(와) 다릅니다.
d:\yeonjae lee\c\hw\horseracing\04_test3.c(27): warning C4047: '=': 'char'의 간접 참조 수준이 'char [2]'과(와) 다릅니다.
d:\yeonjae lee\c\hw\horseracing\04_test3.c(20): warning C4996: 'scanf': This function or variable may be unsafe. Consider using scanf_s instead. To disable deprecation, use _CRT_SECURE_NO_WARNINGS. See online help for details.
  c:\program files (x86)\windows kits\10\include\10.0.14393.0\ucrt\stdio.h(1269): note: 'scanf' 선언을 참조하십시오.
d:\yeonjae lee\c\hw\horseracing\04_test3.c(25): warning C4477: 'scanf' : 서식 문자열 '%s'에 'char *' 형식의 인수가 필요하지만 variadic 인수 1의 형식이 'int'입니다.
d:\yeonjae lee\c\hw\horseracing\04_test3.c(25): warning C4996: 'scanf': This function or variable may be unsafe. Consider using scanf_s instead. To disable deprecation, use _CRT_SECURE_NO_WARNINGS. See online help for details.
  c:\program files (x86)\windows kits\10\include\10.0.14393.0\ucrt\stdio.h(1269): note: 'scanf' 선언을 참조하십시오.
d:\yeonjae lee\c\hw\horseracing\04_test3.c(34): warning C4996: 'kbhit': The POSIX name for this item is deprecated. Instead, use the ISO C and C++ conformant name: _kbhit. See online help for details.
  c:\program files (x86)\windows kits\10\include\10.0.14393.0\ucrt\conio.h(458): note: 'kbhit' 선언을 참조하십시오.
d:\yeonjae lee\c\hw\horseracing\04_test3.c(40): warning C4477: 'printf' : 서식 문자열 '%s'에 'char *' 형식의 인수가 필요하지만 variadic 인수 1의 형식이 'int'입니다.
d:\yeonjae lee\c\hw\horseracing\04_test3.c(14): warning C4101: 'randnum' :참조되지 않은 지역 변수입니다.
  03_test2.c
d:\yeonjae lee\c\hw\horseracing\03_test2.c(20): warning C4996: 'kbhit': The POSIX name for this item is deprecated. Instead, use the ISO C and C++ conformant name: _kbhit. See online help for details.
  c:\program files (x86)\windows kits\10\include\10.0.14393.0\ucrt\conio.h(458): note: 'kbhit' 선언을 참조하십시오.
  02_test1.c
d:\yeonjae lee\c\hw\horseracing\02_test1.c(14): warning C4996: 'kbhit': The POSIX name for this item is deprecated. Instead, use the ISO C and C++ conformant name: _kbhit. See online help for details.
  c:\program files (x86)\windows kits\10\include\10.0.14393.0\ucrt\conio.h(458): note: 'kbhit' 선언을 참조하십시오.
  01_HorseRacing.c
  코드를 생성하고 있습니다...
  HorseRacing.vcxproj -> D:\YeonJae Lee\c\Hw\Debug\HorseRacing.exe
  HorseRacing.vcxproj -> D:\YeonJae Lee\c\Hw\Debug\HorseRacing.pdb (Partial PDB)
