c:\users\kym2-05\documents\visual studio 2017\projects\fileseperate\02-simpleseperate1\debug\vc141.pdb
c:\users\kym2-05\documents\visual studio 2017\projects\fileseperate\02-simpleseperate1\debug\vc141.idb
c:\users\kym2-05\documents\visual studio 2017\projects\fileseperate\02-simpleseperate1\debug\func.obj
c:\users\kym2-05\documents\visual studio 2017\projects\fileseperate\02-simpleseperate1\debug\main.obj
c:\users\kym2-05\documents\visual studio 2017\projects\fileseperate\02-simpleseperate1\debug\num.obj
c:\users\kym2-05\documents\visual studio 2017\projects\fileseperate\debug\02-simpleseperate1.ilk
c:\users\kym2-05\documents\visual studio 2017\projects\fileseperate\debug\02-simpleseperate1.exe
c:\users\kym2-05\documents\visual studio 2017\projects\fileseperate\debug\02-simpleseperate1.pdb
d:\yeonjae lee\c\fileseperate\02-simpleseperate1\debug\func.obj
d:\yeonjae lee\c\fileseperate\02-simpleseperate1\debug\main.obj
d:\yeonjae lee\c\fileseperate\02-simpleseperate1\debug\num.obj
d:\yeonjae lee\c\fileseperate\02-simpleseperate1\debug\vc141.idb
d:\yeonjae lee\c\fileseperate\02-simpleseperate1\debug\vc141.pdb
d:\yeonjae lee\c\fileseperate\debug\02-simpleseperate1.pdb
d:\yeonjae lee\c\fileseperate\debug\02-simpleseperate1.exe
d:\yeonjae lee\c\fileseperate\debug\02-simpleseperate1.ilk
d:\yeonjae lee\c\fileseperate\02-simpleseperate1\debug\02-simpl.2c6f4f06.tlog\cl.command.1.tlog
d:\yeonjae lee\c\fileseperate\02-simpleseperate1\debug\02-simpl.2c6f4f06.tlog\cl.read.1.tlog
d:\yeonjae lee\c\fileseperate\02-simpleseperate1\debug\02-simpl.2c6f4f06.tlog\cl.write.1.tlog
d:\yeonjae lee\c\fileseperate\02-simpleseperate1\debug\02-simpl.2c6f4f06.tlog\link.command.1.tlog
d:\yeonjae lee\c\fileseperate\02-simpleseperate1\debug\02-simpl.2c6f4f06.tlog\link.read.1.tlog
d:\yeonjae lee\c\fileseperate\02-simpleseperate1\debug\02-simpl.2c6f4f06.tlog\link.write.1.tlog
