c:\users\kym2-05\documents\visual studio 2017\projects\fileseperate\03-simpleseperate2\debug\vc141.pdb
c:\users\kym2-05\documents\visual studio 2017\projects\fileseperate\03-simpleseperate2\debug\vc141.idb
c:\users\kym2-05\documents\visual studio 2017\projects\fileseperate\03-simpleseperate2\debug\counter.obj
c:\users\kym2-05\documents\visual studio 2017\projects\fileseperate\03-simpleseperate2\debug\main.obj
c:\users\kym2-05\documents\visual studio 2017\projects\fileseperate\debug\03-simpleseperate2.ilk
c:\users\kym2-05\documents\visual studio 2017\projects\fileseperate\debug\03-simpleseperate2.exe
c:\users\kym2-05\documents\visual studio 2017\projects\fileseperate\debug\03-simpleseperate2.pdb
d:\yeonjae lee\c\fileseperate\03-simpleseperate2\debug\counter.obj
d:\yeonjae lee\c\fileseperate\03-simpleseperate2\debug\main.obj
d:\yeonjae lee\c\fileseperate\03-simpleseperate2\debug\vc141.idb
d:\yeonjae lee\c\fileseperate\03-simpleseperate2\debug\vc141.pdb
d:\yeonjae lee\c\fileseperate\debug\03-simpleseperate2.pdb
d:\yeonjae lee\c\fileseperate\debug\03-simpleseperate2.exe
d:\yeonjae lee\c\fileseperate\debug\03-simpleseperate2.ilk
d:\yeonjae lee\c\fileseperate\03-simpleseperate2\debug\03-simpl.c7c72938.tlog\cl.command.1.tlog
d:\yeonjae lee\c\fileseperate\03-simpleseperate2\debug\03-simpl.c7c72938.tlog\cl.read.1.tlog
d:\yeonjae lee\c\fileseperate\03-simpleseperate2\debug\03-simpl.c7c72938.tlog\cl.write.1.tlog
d:\yeonjae lee\c\fileseperate\03-simpleseperate2\debug\03-simpl.c7c72938.tlog\link.command.1.tlog
d:\yeonjae lee\c\fileseperate\03-simpleseperate2\debug\03-simpl.c7c72938.tlog\link.read.1.tlog
d:\yeonjae lee\c\fileseperate\03-simpleseperate2\debug\03-simpl.c7c72938.tlog\link.write.1.tlog
