d:\yeonjae lee\c\basic\chapter24\debug\vc141.pdb
d:\yeonjae lee\c\basic\chapter24\debug\vc141.idb
d:\yeonjae lee\c\basic\chapter24\debug\01_firstfilewrite.obj
d:\yeonjae lee\c\basic\chapter24\debug\02_firstfileread.obj
d:\yeonjae lee\c\basic\chapter24\debug\03_textdatafilewrite.obj
d:\yeonjae lee\c\basic\chapter24\debug\04_textdatafileread.obj
d:\yeonjae lee\c\basic\chapter24\debug\05_textcharfilecopy.obj
d:\yeonjae lee\c\basic\chapter24\debug\06_textstringfilecopy.obj
d:\yeonjae lee\c\basic\chapter24\debug\07_binaryfilecopy.obj
d:\yeonjae lee\c\basic\chapter24\debug\08_.obj
d:\yeonjae lee\c\basic\chapter24\debug\09_.obj
d:\yeonjae lee\c\basic\chapter24\debug\08_complexfile.obj
d:\yeonjae lee\c\basic\chapter24\debug\08_complexfilewrite.obj
d:\yeonjae lee\c\basic\chapter24\debug\09_complexfileread.obj
d:\yeonjae lee\c\basic\chapter24\debug\10_structfilewriteread.obj
d:\yeonjae lee\c\basic\chapter24\debug\11_movefilerewrpos.obj
d:\yeonjae lee\c\basic\chapter24\debug\12_tellfilerewrpos.obj
d:\yeonjae lee\c\basic\chapter24\debug\01_.obj
d:\yeonjae lee\c\basic\debug\chapter24.pdb
d:\yeonjae lee\c\basic\chapter24\debug\chapter24.tlog\cl.command.1.tlog
d:\yeonjae lee\c\basic\chapter24\debug\chapter24.tlog\cl.read.1.tlog
d:\yeonjae lee\c\basic\chapter24\debug\chapter24.tlog\cl.write.1.tlog
d:\yeonjae lee\c\basic\chapter24\debug\chapter24.tlog\link.3364-cvtres.read.1.tlog
d:\yeonjae lee\c\basic\chapter24\debug\chapter24.tlog\link.3364-cvtres.write.1.tlog
d:\yeonjae lee\c\basic\chapter24\debug\chapter24.tlog\link.3364-rc.read.1.tlog
d:\yeonjae lee\c\basic\chapter24\debug\chapter24.tlog\link.3364-rc.write.1.tlog
d:\yeonjae lee\c\basic\chapter24\debug\chapter24.tlog\link.3364.read.1.tlog
d:\yeonjae lee\c\basic\chapter24\debug\chapter24.tlog\link.3364.write.1.tlog
d:\yeonjae lee\c\basic\chapter24\debug\chapter24.tlog\link.command.1.tlog
d:\yeonjae lee\c\basic\chapter24\debug\chapter24.tlog\link.read.1.tlog
d:\yeonjae lee\c\basic\chapter24\debug\chapter24.tlog\link.write.1.tlog
