d:\yeonjae lee\c\basic\chapter25\debug\vc141.pdb
d:\yeonjae lee\c\basic\chapter25\debug\vc141.idb
d:\yeonjae lee\c\basic\chapter25\debug\01_readstringfault1.obj
d:\yeonjae lee\c\basic\chapter25\debug\02_readstringfault2.obj
d:\yeonjae lee\c\basic\chapter25\debug\04_readstringright.obj
d:\yeonjae lee\c\basic\chapter25\debug\03_dynamicmemoryallocation.obj
d:\yeonjae lee\c\basic\debug\chapter25.pdb
d:\yeonjae lee\c\basic\chapter25\debug\chapter25.tlog\cl.command.1.tlog
d:\yeonjae lee\c\basic\chapter25\debug\chapter25.tlog\cl.read.1.tlog
d:\yeonjae lee\c\basic\chapter25\debug\chapter25.tlog\cl.write.1.tlog
d:\yeonjae lee\c\basic\chapter25\debug\chapter25.tlog\link-cvtres.read.1.tlog
d:\yeonjae lee\c\basic\chapter25\debug\chapter25.tlog\link-cvtres.write.1.tlog
d:\yeonjae lee\c\basic\chapter25\debug\chapter25.tlog\link-rc.read.1.tlog
d:\yeonjae lee\c\basic\chapter25\debug\chapter25.tlog\link-rc.write.1.tlog
d:\yeonjae lee\c\basic\chapter25\debug\chapter25.tlog\link.4592-cvtres.read.1.tlog
d:\yeonjae lee\c\basic\chapter25\debug\chapter25.tlog\link.4592-cvtres.write.1.tlog
d:\yeonjae lee\c\basic\chapter25\debug\chapter25.tlog\link.4592-rc.read.1.tlog
d:\yeonjae lee\c\basic\chapter25\debug\chapter25.tlog\link.4592-rc.write.1.tlog
d:\yeonjae lee\c\basic\chapter25\debug\chapter25.tlog\link.4592.read.1.tlog
d:\yeonjae lee\c\basic\chapter25\debug\chapter25.tlog\link.4592.write.1.tlog
d:\yeonjae lee\c\basic\chapter25\debug\chapter25.tlog\link.command.1.tlog
d:\yeonjae lee\c\basic\chapter25\debug\chapter25.tlog\link.read.1.tlog
d:\yeonjae lee\c\basic\chapter25\debug\chapter25.tlog\link.write.1.tlog
