d:\yeonjae lee\c\basic\chapter14\debug\vc141.pdb
d:\yeonjae lee\c\basic\chapter14\debug\vc141.idb
d:\yeonjae lee\c\basic\chapter14\debug\01_.obj
d:\yeonjae lee\c\basic\chapter14\debug\01_arrayparam.obj
d:\yeonjae lee\c\basic\chapter14\debug\02_arrayparamaccess.obj
d:\yeonjae lee\c\basic\chapter14\debug\03_callbyvalueswap.obj
d:\yeonjae lee\c\basic\chapter14\debug\04_callbyrefswap.obj
d:\yeonjae lee\c\basic\chapter14\debug\05_quiz.obj
d:\yeonjae lee\c\basic\debug\chapter14.pdb
d:\yeonjae lee\c\basic\chapter14\debug\chapter14.tlog\cl.command.1.tlog
d:\yeonjae lee\c\basic\chapter14\debug\chapter14.tlog\cl.read.1.tlog
d:\yeonjae lee\c\basic\chapter14\debug\chapter14.tlog\cl.write.1.tlog
d:\yeonjae lee\c\basic\chapter14\debug\chapter14.tlog\link-cvtres.read.1.tlog
d:\yeonjae lee\c\basic\chapter14\debug\chapter14.tlog\link-cvtres.write.1.tlog
d:\yeonjae lee\c\basic\chapter14\debug\chapter14.tlog\link-rc.read.1.tlog
d:\yeonjae lee\c\basic\chapter14\debug\chapter14.tlog\link-rc.write.1.tlog
d:\yeonjae lee\c\basic\chapter14\debug\chapter14.tlog\link.8756-cvtres.read.1.tlog
d:\yeonjae lee\c\basic\chapter14\debug\chapter14.tlog\link.8756-cvtres.write.1.tlog
d:\yeonjae lee\c\basic\chapter14\debug\chapter14.tlog\link.8756-rc.read.1.tlog
d:\yeonjae lee\c\basic\chapter14\debug\chapter14.tlog\link.8756-rc.write.1.tlog
d:\yeonjae lee\c\basic\chapter14\debug\chapter14.tlog\link.8756.read.1.tlog
d:\yeonjae lee\c\basic\chapter14\debug\chapter14.tlog\link.8756.write.1.tlog
d:\yeonjae lee\c\basic\chapter14\debug\chapter14.tlog\link.command.1.tlog
d:\yeonjae lee\c\basic\chapter14\debug\chapter14.tlog\link.read.1.tlog
d:\yeonjae lee\c\basic\chapter14\debug\chapter14.tlog\link.write.1.tlog
