d:\yeonjae lee\c\basic\chapter22\debug\vc141.pdb
d:\yeonjae lee\c\basic\chapter22\debug\vc141.idb
d:\yeonjae lee\c\basic\chapter22\debug\01_twopointdistance.obj
d:\yeonjae lee\c\basic\chapter22\debug\02_telephoneinfo.obj
d:\yeonjae lee\c\basic\chapter22\debug\03_structvaladdress.obj
d:\yeonjae lee\c\basic\chapter22\debug\04_structarray.obj
d:\yeonjae lee\c\basic\chapter22\debug\05_initstructarray.obj
d:\yeonjae lee\c\basic\chapter22\debug\06_structpointer.obj
d:\yeonjae lee\c\basic\chapter22\debug\07_structpointermem.obj
d:\yeonjae lee\c\basic\chapter22\debug\08_pointrelation.obj
d:\yeonjae lee\c\basic\chapter22\debug\09_initstructval.obj
d:\yeonjae lee\c\basic\debug\chapter22.pdb
d:\yeonjae lee\c\basic\chapter22\debug\chapter22.tlog\cl.command.1.tlog
d:\yeonjae lee\c\basic\chapter22\debug\chapter22.tlog\cl.read.1.tlog
d:\yeonjae lee\c\basic\chapter22\debug\chapter22.tlog\cl.write.1.tlog
d:\yeonjae lee\c\basic\chapter22\debug\chapter22.tlog\link-cvtres.read.1.tlog
d:\yeonjae lee\c\basic\chapter22\debug\chapter22.tlog\link-cvtres.write.1.tlog
d:\yeonjae lee\c\basic\chapter22\debug\chapter22.tlog\link-rc.read.1.tlog
d:\yeonjae lee\c\basic\chapter22\debug\chapter22.tlog\link-rc.write.1.tlog
d:\yeonjae lee\c\basic\chapter22\debug\chapter22.tlog\link.7008-cvtres.read.1.tlog
d:\yeonjae lee\c\basic\chapter22\debug\chapter22.tlog\link.7008-cvtres.write.1.tlog
d:\yeonjae lee\c\basic\chapter22\debug\chapter22.tlog\link.7008-rc.read.1.tlog
d:\yeonjae lee\c\basic\chapter22\debug\chapter22.tlog\link.7008-rc.write.1.tlog
d:\yeonjae lee\c\basic\chapter22\debug\chapter22.tlog\link.7008.read.1.tlog
d:\yeonjae lee\c\basic\chapter22\debug\chapter22.tlog\link.7008.write.1.tlog
d:\yeonjae lee\c\basic\chapter22\debug\chapter22.tlog\link.command.1.tlog
d:\yeonjae lee\c\basic\chapter22\debug\chapter22.tlog\link.read.1.tlog
d:\yeonjae lee\c\basic\chapter22\debug\chapter22.tlog\link.write.1.tlog
