d:\yeonjae lee\c\hw\hw\debug\vc141.pdb
d:\yeonjae lee\c\hw\hw\debug\vc141.idb
d:\yeonjae lee\c\hw\hw\debug\randnum.obj
d:\yeonjae lee\c\hw\hw\debug\quiz.obj
d:\yeonjae lee\c\hw\hw\debug\02_quiz.obj
d:\yeonjae lee\c\hw\hw\debug\01_randnum.obj
d:\yeonjae lee\c\hw\hw\debug\test.obj
d:\yeonjae lee\c\hw\hw\debug\03_test.obj
d:\yeonjae lee\c\hw\hw\debug\04_quiz.obj
d:\yeonjae lee\c\hw\hw\debug\04_quiz_sol.obj
d:\yeonjae lee\c\hw\debug\randnum.pdb
d:\yeonjae lee\c\hw\hw\debug\randnum.tlog\cl.command.1.tlog
d:\yeonjae lee\c\hw\hw\debug\randnum.tlog\cl.read.1.tlog
d:\yeonjae lee\c\hw\hw\debug\randnum.tlog\cl.write.1.tlog
d:\yeonjae lee\c\hw\hw\debug\randnum.tlog\link.4980-cvtres.read.1.tlog
d:\yeonjae lee\c\hw\hw\debug\randnum.tlog\link.4980-cvtres.write.1.tlog
d:\yeonjae lee\c\hw\hw\debug\randnum.tlog\link.4980-rc.read.1.tlog
d:\yeonjae lee\c\hw\hw\debug\randnum.tlog\link.4980-rc.write.1.tlog
d:\yeonjae lee\c\hw\hw\debug\randnum.tlog\link.4980.read.1.tlog
d:\yeonjae lee\c\hw\hw\debug\randnum.tlog\link.4980.write.1.tlog
d:\yeonjae lee\c\hw\hw\debug\randnum.tlog\link.command.1.tlog
d:\yeonjae lee\c\hw\hw\debug\randnum.tlog\link.read.1.tlog
d:\yeonjae lee\c\hw\hw\debug\randnum.tlog\link.write.1.tlog
