d:\yeonjae lee\c\basic\chapter05\debug\vc141.pdb
d:\yeonjae lee\c\basic\chapter05\debug\vc141.idb
d:\yeonjae lee\c\basic\chapter05\debug\01_sizeofoperator.obj
d:\yeonjae lee\c\basic\chapter05\debug\03_circlearea.obj
d:\yeonjae lee\c\basic\chapter05\debug\04_howchar.obj
d:\yeonjae lee\c\basic\chapter05\debug\05_literalsize.obj
d:\yeonjae lee\c\basic\chapter05\debug\06_autoconvone.obj
d:\yeonjae lee\c\basic\chapter05\debug\07_convdiv.obj
d:\yeonjae lee\c\basic\chapter05\debug\02_charshortbaseadd.obj
d:\yeonjae lee\c\basic\debug\chapter05.pdb
d:\yeonjae lee\c\basic\chapter05\debug\chapter05.tlog\cl.command.1.tlog
d:\yeonjae lee\c\basic\chapter05\debug\chapter05.tlog\cl.read.1.tlog
d:\yeonjae lee\c\basic\chapter05\debug\chapter05.tlog\cl.write.1.tlog
d:\yeonjae lee\c\basic\chapter05\debug\chapter05.tlog\link.2144-cvtres.read.1.tlog
d:\yeonjae lee\c\basic\chapter05\debug\chapter05.tlog\link.2144-cvtres.write.1.tlog
d:\yeonjae lee\c\basic\chapter05\debug\chapter05.tlog\link.2144-rc.read.1.tlog
d:\yeonjae lee\c\basic\chapter05\debug\chapter05.tlog\link.2144-rc.write.1.tlog
d:\yeonjae lee\c\basic\chapter05\debug\chapter05.tlog\link.2144.read.1.tlog
d:\yeonjae lee\c\basic\chapter05\debug\chapter05.tlog\link.2144.write.1.tlog
d:\yeonjae lee\c\basic\chapter05\debug\chapter05.tlog\link.command.1.tlog
d:\yeonjae lee\c\basic\chapter05\debug\chapter05.tlog\link.read.1.tlog
d:\yeonjae lee\c\basic\chapter05\debug\chapter05.tlog\link.write.1.tlog
