d:\yeonjae lee\c\basic\chapter21\debug\vc141.pdb
d:\yeonjae lee\c\basic\chapter21\debug\vc141.idb
d:\yeonjae lee\c\basic\chapter21\debug\01_readwritechar.obj
d:\yeonjae lee\c\basic\chapter21\debug\02_consoleeof.obj
d:\yeonjae lee\c\basic\chapter21\debug\03_writestring.obj
d:\yeonjae lee\c\basic\chapter21\debug\04_readstring.obj
d:\yeonjae lee\c\basic\chapter21\debug\05_needinputbufflush.obj
d:\yeonjae lee\c\basic\chapter21\debug\06_inputbufflush.obj
d:\yeonjae lee\c\basic\chapter21\debug\07_removebsn.obj
d:\yeonjae lee\c\basic\chapter21\debug\08_stringcopycase.obj
d:\yeonjae lee\c\basic\chapter21\debug\09_stringconcatcase.obj
d:\yeonjae lee\c\basic\chapter21\debug\10_stringcornpcase.obj
d:\yeonjae lee\c\basic\chapter21\debug\11_stringatoilf.obj
d:\yeonjae lee\c\basic\chapter21\debug\12_tostring.obj
d:\yeonjae lee\c\basic\debug\chapter21.pdb
d:\yeonjae lee\c\basic\chapter21\debug\chapter21.tlog\cl.command.1.tlog
d:\yeonjae lee\c\basic\chapter21\debug\chapter21.tlog\cl.read.1.tlog
d:\yeonjae lee\c\basic\chapter21\debug\chapter21.tlog\cl.write.1.tlog
d:\yeonjae lee\c\basic\chapter21\debug\chapter21.tlog\link-cvtres.read.1.tlog
d:\yeonjae lee\c\basic\chapter21\debug\chapter21.tlog\link-cvtres.write.1.tlog
d:\yeonjae lee\c\basic\chapter21\debug\chapter21.tlog\link-rc.read.1.tlog
d:\yeonjae lee\c\basic\chapter21\debug\chapter21.tlog\link-rc.write.1.tlog
d:\yeonjae lee\c\basic\chapter21\debug\chapter21.tlog\link.command.1.tlog
d:\yeonjae lee\c\basic\chapter21\debug\chapter21.tlog\link.read.1.tlog
d:\yeonjae lee\c\basic\chapter21\debug\chapter21.tlog\link.write.1.tlog
