d:\yeonjae lee\c\basic\chapter08\debug\vc141.pdb
d:\yeonjae lee\c\basic\chapter08\debug\vc141.idb
d:\yeonjae lee\c\basic\chapter08\debug\01_ifbasic.obj
d:\yeonjae lee\c\basic\chapter08\debug\02_calone.obj
d:\yeonjae lee\c\basic\chapter08\debug\03_ifelsebasic.obj
d:\yeonjae lee\c\basic\chapter08\debug\04_caltwo.obj
d:\yeonjae lee\c\basic\chapter08\debug\05_threeoperand.obj
d:\yeonjae lee\c\basic\chapter08\debug\06_whenover5000.obj
d:\yeonjae lee\c\basic\chapter08\debug\07_exceptmul2mul3.obj
d:\yeonjae lee\c\basic\chapter08\debug\07_mul3mul4.obj
d:\yeonjae lee\c\basic\chapter08\debug\08_englishschool.obj
d:\yeonjae lee\c\basic\chapter08\debug\09_advanenglishschool.obj
d:\yeonjae lee\c\basic\chapter08\debug\10_gotobasic.obj
d:\yeonjae lee\c\basic\chapter08\debug\11_quiz.obj
d:\yeonjae lee\c\basic\debug\chapter08.ilk
d:\yeonjae lee\c\basic\debug\chapter08.exe
d:\yeonjae lee\c\basic\debug\chapter08.pdb
d:\yeonjae lee\c\basic\chapter08\debug\chapter08.tlog\cl.command.1.tlog
d:\yeonjae lee\c\basic\chapter08\debug\chapter08.tlog\cl.read.1.tlog
d:\yeonjae lee\c\basic\chapter08\debug\chapter08.tlog\cl.write.1.tlog
d:\yeonjae lee\c\basic\chapter08\debug\chapter08.tlog\link.command.1.tlog
d:\yeonjae lee\c\basic\chapter08\debug\chapter08.tlog\link.read.1.tlog
d:\yeonjae lee\c\basic\chapter08\debug\chapter08.tlog\link.write.1.tlog
